\BOOKMARK [0][-]{chapter.1}{\376\377\0001\000\040\000I\000n\000d\000e\000k\000s\000\040\000k\000l\000a\000s}{}% 1
\BOOKMARK [1][-]{section.1.1}{\376\377\0001\000.\0001\000\040\000L\000i\000s\000t\000a\000\040\000k\000l\000a\000s}{chapter.1}% 2
\BOOKMARK [0][-]{chapter.2}{\376\377\0002\000\040\000I\000n\000d\000e\000k\000s\000\040\000p\000l\000i\000k\000\363\000w}{}% 3
\BOOKMARK [1][-]{section.2.1}{\376\377\0002\000.\0001\000\040\000L\000i\000s\000t\000a\000\040\000p\000l\000i\000k\000\363\000w}{chapter.2}% 4
\BOOKMARK [0][-]{chapter.3}{\376\377\0003\000\040\000D\000o\000k\000u\000m\000e\000n\000t\000a\000c\000j\000a\000\040\000k\000l\000a\000s}{}% 5
\BOOKMARK [1][-]{section.3.1}{\376\377\0003\000.\0001\000\040\000D\000o\000k\000u\000m\000e\000n\000t\000a\000c\000j\000a\000\040\000k\000l\000a\000s\000y\000\040\000G\000r\000a\000f}{chapter.3}% 6
\BOOKMARK [2][-]{subsection.3.1.1}{\376\377\0003\000.\0001\000.\0001\000\040\000O\000p\000i\000s\000\040\000s\000z\000c\000z\000e\000g\000\363\001\102\000o\000w\000y}{section.3.1}% 7
\BOOKMARK [2][-]{subsection.3.1.2}{\376\377\0003\000.\0001\000.\0002\000\040\000D\000o\000k\000u\000m\000e\000n\000t\000a\000c\000j\000a\000\040\000f\000u\000n\000k\000c\000j\000i\000\040\000s\000k\001\102\000a\000d\000o\000w\000y\000c\000h}{section.3.1}% 8
\BOOKMARK [3][-]{subsubsection.3.1.2.1}{\376\377\0003\000.\0001\000.\0002\000.\0001\000\040\000c\000z\000y\000\137\000g\000r\000a\000f\000\137\000d\000w\000u\000d\000z\000i\000e\000l\000n\000y\000\050\000\051}{subsection.3.1.2}% 9
\BOOKMARK [3][-]{subsubsection.3.1.2.2}{\376\377\0003\000.\0001\000.\0002\000.\0002\000\040\000c\000z\000y\000t\000a\000j\000\137\000g\000r\000a\000f\000\050\000\051}{subsection.3.1.2}% 10
\BOOKMARK [3][-]{subsubsection.3.1.2.3}{\376\377\0003\000.\0001\000.\0002\000.\0003\000\040\000D\000F\000S\000\137\000c\000z\000y\000\137\000d\000w\000u\000d\000z\000i\000e\000l\000n\000y\000\050\000\051}{subsection.3.1.2}% 11
\BOOKMARK [3][-]{subsubsection.3.1.2.4}{\376\377\0003\000.\0001\000.\0002\000.\0004\000\040\000l\000i\000c\000z\000b\000a\000\137\000w\000i\000e\000r\000z\000c\000h\000o\000l\000k\000o\000w\000\050\000\051}{subsection.3.1.2}% 12
\BOOKMARK [0][-]{chapter.4}{\376\377\0004\000\040\000D\000o\000k\000u\000m\000e\000n\000t\000a\000c\000j\000a\000\040\000p\000l\000i\000k\000\363\000w}{}% 13
\BOOKMARK [1][-]{section.4.1}{\376\377\0004\000.\0001\000\040\000D\000o\000k\000u\000m\000e\000n\000t\000a\000c\000j\000a\000\040\000p\000l\000i\000k\000u\000\040\000C\000:\000/\000U\000s\000e\000r\000s\000/\000s\000z\000y\000m\000o\000/\000s\000o\000u\000r\000c\000e\000/\000r\000e\000p\000o\000s\000/\0007\0001\0003\0003\000f\0007\0001\0009\000-\000g\000r\0004\0002\000-\000r\000e\000p\000o\000/\000p\000r\000o\000j\000e\000k\000t\000/\000Z\000a\000d\000a\000n\000i\000e\000P\000r\000o\000g\000r\000a\000m\000i\000s\000t\000y\000c\000z\000n\000e\000/\000Z\000a\000d\000a\000n\000i\000e\000P\000r\000o\000g\000r\000a\000m\000i\000s\000t\000y\000c\000z\000n\000e\000/\000G\000r\000a\000f\000.\000h}{chapter.4}% 14
\BOOKMARK [1][-]{section.4.2}{\376\377\0004\000.\0002\000\040\000D\000o\000k\000u\000m\000e\000n\000t\000a\000c\000j\000a\000\040\000p\000l\000i\000k\000u\000\040\000C\000:\000/\000U\000s\000e\000r\000s\000/\000s\000z\000y\000m\000o\000/\000s\000o\000u\000r\000c\000e\000/\000r\000e\000p\000o\000s\000/\0007\0001\0003\0003\000f\0007\0001\0009\000-\000g\000r\0004\0002\000-\000r\000e\000p\000o\000/\000p\000r\000o\000j\000e\000k\000t\000/\000Z\000a\000d\000a\000n\000i\000e\000P\000r\000o\000g\000r\000a\000m\000i\000s\000t\000y\000c\000z\000n\000e\000/\000Z\000a\000d\000a\000n\000i\000e\000P\000r\000o\000g\000r\000a\000m\000i\000s\000t\000y\000c\000z\000n\000e\000/\000O\000p\000e\000r\000a\000c\000j\000e\000N\000a\000W\000i\000e\000r\000z\000c\000h\000o\000l\000k\000a\000c\000h\000.\000h}{chapter.4}% 15
\BOOKMARK [2][-]{subsection.4.2.1}{\376\377\0004\000.\0002\000.\0001\000\040\000D\000o\000k\000u\000m\000e\000n\000t\000a\000c\000j\000a\000\040\000f\000u\000n\000k\000c\000j\000i}{section.4.2}% 16
\BOOKMARK [3][-]{subsubsection.4.2.1.1}{\376\377\0004\000.\0002\000.\0001\000.\0001\000\040\000g\000r\000u\000p\000u\000j\000\137\000w\000i\000e\000r\000z\000c\000h\000o\000l\000k\000i\000\137\000g\000r\000a\000f\000u\000\137\000d\000w\000u\000d\000z\000i\000e\000l\000n\000e\000g\000o\000\050\000\051}{subsection.4.2.1}% 17
\BOOKMARK [1][-]{section.4.3}{\376\377\0004\000.\0003\000\040\000D\000o\000k\000u\000m\000e\000n\000t\000a\000c\000j\000a\000\040\000p\000l\000i\000k\000u\000\040\000C\000:\000/\000U\000s\000e\000r\000s\000/\000s\000z\000y\000m\000o\000/\000s\000o\000u\000r\000c\000e\000/\000r\000e\000p\000o\000s\000/\0007\0001\0003\0003\000f\0007\0001\0009\000-\000g\000r\0004\0002\000-\000r\000e\000p\000o\000/\000p\000r\000o\000j\000e\000k\000t\000/\000Z\000a\000d\000a\000n\000i\000e\000P\000r\000o\000g\000r\000a\000m\000i\000s\000t\000y\000c\000z\000n\000e\000/\000Z\000a\000d\000a\000n\000i\000e\000P\000r\000o\000g\000r\000a\000m\000i\000s\000t\000y\000c\000z\000n\000e\000/\000O\000p\000e\000r\000a\000c\000j\000e\000W\000y\000j\000s\000c\000i\000a\000.\000h}{chapter.4}% 18
\BOOKMARK [2][-]{subsection.4.3.1}{\376\377\0004\000.\0003\000.\0001\000\040\000D\000o\000k\000u\000m\000e\000n\000t\000a\000c\000j\000a\000\040\000f\000u\000n\000k\000c\000j\000i}{section.4.3}% 19
\BOOKMARK [3][-]{subsubsection.4.3.1.1}{\376\377\0004\000.\0003\000.\0001\000.\0001\000\040\000p\000o\000k\000a\000z\000\137\000w\000y\000n\000i\000k\000i\000\050\000\051}{subsection.4.3.1}% 20
\BOOKMARK [3][-]{subsubsection.4.3.1.2}{\376\377\0004\000.\0003\000.\0001\000.\0002\000\040\000w\000y\000p\000i\000s\000z\000\137\000g\000r\000a\000f\000\050\000\051}{subsection.4.3.1}% 21
\BOOKMARK [3][-]{subsubsection.4.3.1.3}{\376\377\0004\000.\0003\000.\0001\000.\0003\000\040\000z\000a\000p\000i\000s\000z\000\137\000w\000y\000n\000i\000k\000i\000\050\000\051}{subsection.4.3.1}% 22
\BOOKMARK [0][-]{section*.7}{\376\377\000I\000n\000d\000e\000k\000s}{}% 23
